DELETE,GET,HEAD,OPTIONS,PATCH,POST,PUT wf/favicon.ico                                                django.views.generic.base.View.as_view.<locals>.view
DELETE,GET,HEAD,OPTIONS,PATCH,POST,PUT wf/                                                           django.views.generic.base.View.as_view.<locals>.view
?                         wf/admin/                                                     django.contrib.admin.sites.AdminSite.index
?                         wf/admin/login/                                               django.contrib.admin.sites.AdminSite.login
?                         wf/admin/logout/                                              django.contrib.admin.sites.AdminSite.logout
?                         wf/admin/password_change/                                     django.contrib.admin.sites.AdminSite.password_change
?                         wf/admin/password_change/done/                                django.contrib.admin.sites.AdminSite.password_change_done
?                         wf/admin/autocomplete/                                        django.contrib.admin.sites.AdminSite.autocomplete_view
?                         wf/admin/jsi18n/                                              django.contrib.admin.sites.AdminSite.i18n_javascript
?                         wf/admin/r/<int:content_type_id>/<path:object_id>/            django.contrib.contenttypes.views.shortcut
?                         wf/admin/auth/group/                                          django.contrib.admin.options.ModelAdmin.changelist_view
?                         wf/admin/auth/group/add/                                      django.contrib.admin.options.ModelAdmin.add_view
?                         wf/admin/auth/group/<path:object_id>/history/                 django.contrib.admin.options.ModelAdmin.history_view
?                         wf/admin/auth/group/<path:object_id>/delete/                  django.contrib.admin.options.ModelAdmin.delete_view
?                         wf/admin/auth/group/<path:object_id>/change/                  django.contrib.admin.options.ModelAdmin.change_view
DELETE,GET,HEAD,OPTIONS,PATCH,POST,PUT wf/admin/auth/group/<path:object_id>/                         django.views.generic.base.View.as_view.<locals>.view
?                         wf/admin/auth/user/<id>/password/                             django.contrib.auth.admin.UserAdmin.user_change_password
?                         wf/admin/auth/user/                                           django.contrib.admin.options.ModelAdmin.changelist_view
?                         wf/admin/auth/user/add/                                       django.contrib.auth.admin.UserAdmin.add_view
?                         wf/admin/auth/user/<path:object_id>/history/                  django.contrib.admin.options.ModelAdmin.history_view
?                         wf/admin/auth/user/<path:object_id>/delete/                   django.contrib.admin.options.ModelAdmin.delete_view
?                         wf/admin/auth/user/<path:object_id>/change/                   django.contrib.admin.options.ModelAdmin.change_view
DELETE,GET,HEAD,OPTIONS,PATCH,POST,PUT wf/admin/auth/user/<path:object_id>/                          django.views.generic.base.View.as_view.<locals>.view
?                         wf/admin/django_celery_results/taskresult/                    django.contrib.admin.options.ModelAdmin.changelist_view
?                         wf/admin/django_celery_results/taskresult/add/                django.contrib.admin.options.ModelAdmin.add_view
?                         wf/admin/django_celery_results/taskresult/<path:object_id>/history/  django.contrib.admin.options.ModelAdmin.history_view
?                         wf/admin/django_celery_results/taskresult/<path:object_id>/delete/  django.contrib.admin.options.ModelAdmin.delete_view
?                         wf/admin/django_celery_results/taskresult/<path:object_id>/change/  django.contrib.admin.options.ModelAdmin.change_view
DELETE,GET,HEAD,OPTIONS,PATCH,POST,PUT wf/admin/django_celery_results/taskresult/<path:object_id>/   django.views.generic.base.View.as_view.<locals>.view
?                         wf/admin/django_celery_results/groupresult/                   django.contrib.admin.options.ModelAdmin.changelist_view
?                         wf/admin/django_celery_results/groupresult/add/               django.contrib.admin.options.ModelAdmin.add_view
?                         wf/admin/django_celery_results/groupresult/<path:object_id>/history/  django.contrib.admin.options.ModelAdmin.history_view
?                         wf/admin/django_celery_results/groupresult/<path:object_id>/delete/  django.contrib.admin.options.ModelAdmin.delete_view
?                         wf/admin/django_celery_results/groupresult/<path:object_id>/change/  django.contrib.admin.options.ModelAdmin.change_view
DELETE,GET,HEAD,OPTIONS,PATCH,POST,PUT wf/admin/django_celery_results/groupresult/<path:object_id>/  django.views.generic.base.View.as_view.<locals>.view
?                         wf/admin/django_celery_beat/intervalschedule/                 django.contrib.admin.options.ModelAdmin.changelist_view
?                         wf/admin/django_celery_beat/intervalschedule/add/             django.contrib.admin.options.ModelAdmin.add_view
?                         wf/admin/django_celery_beat/intervalschedule/<path:object_id>/history/  django.contrib.admin.options.ModelAdmin.history_view
?                         wf/admin/django_celery_beat/intervalschedule/<path:object_id>/delete/  django.contrib.admin.options.ModelAdmin.delete_view
?                         wf/admin/django_celery_beat/intervalschedule/<path:object_id>/change/  django.contrib.admin.options.ModelAdmin.change_view
DELETE,GET,HEAD,OPTIONS,PATCH,POST,PUT wf/admin/django_celery_beat/intervalschedule/<path:object_id>/  django.views.generic.base.View.as_view.<locals>.view
?                         wf/admin/django_celery_beat/crontabschedule/                  django.contrib.admin.options.ModelAdmin.changelist_view
?                         wf/admin/django_celery_beat/crontabschedule/add/              django.contrib.admin.options.ModelAdmin.add_view
?                         wf/admin/django_celery_beat/crontabschedule/<path:object_id>/history/  django.contrib.admin.options.ModelAdmin.history_view
?                         wf/admin/django_celery_beat/crontabschedule/<path:object_id>/delete/  django.contrib.admin.options.ModelAdmin.delete_view
?                         wf/admin/django_celery_beat/crontabschedule/<path:object_id>/change/  django.contrib.admin.options.ModelAdmin.change_view
DELETE,GET,HEAD,OPTIONS,PATCH,POST,PUT wf/admin/django_celery_beat/crontabschedule/<path:object_id>/  django.views.generic.base.View.as_view.<locals>.view
?                         wf/admin/django_celery_beat/solarschedule/                    django.contrib.admin.options.ModelAdmin.changelist_view
?                         wf/admin/django_celery_beat/solarschedule/add/                django.contrib.admin.options.ModelAdmin.add_view
?                         wf/admin/django_celery_beat/solarschedule/<path:object_id>/history/  django.contrib.admin.options.ModelAdmin.history_view
?                         wf/admin/django_celery_beat/solarschedule/<path:object_id>/delete/  django.contrib.admin.options.ModelAdmin.delete_view
?                         wf/admin/django_celery_beat/solarschedule/<path:object_id>/change/  django.contrib.admin.options.ModelAdmin.change_view
DELETE,GET,HEAD,OPTIONS,PATCH,POST,PUT wf/admin/django_celery_beat/solarschedule/<path:object_id>/   django.views.generic.base.View.as_view.<locals>.view
?                         wf/admin/django_celery_beat/clockedschedule/                  django.contrib.admin.options.ModelAdmin.changelist_view
?                         wf/admin/django_celery_beat/clockedschedule/add/              django.contrib.admin.options.ModelAdmin.add_view
?                         wf/admin/django_celery_beat/clockedschedule/<path:object_id>/history/  django.contrib.admin.options.ModelAdmin.history_view
?                         wf/admin/django_celery_beat/clockedschedule/<path:object_id>/delete/  django.contrib.admin.options.ModelAdmin.delete_view
?                         wf/admin/django_celery_beat/clockedschedule/<path:object_id>/change/  django.contrib.admin.options.ModelAdmin.change_view
DELETE,GET,HEAD,OPTIONS,PATCH,POST,PUT wf/admin/django_celery_beat/clockedschedule/<path:object_id>/  django.views.generic.base.View.as_view.<locals>.view
?                         wf/admin/django_celery_beat/periodictask/                     django_celery_beat.admin.PeriodicTaskAdmin.changelist_view
?                         wf/admin/django_celery_beat/periodictask/add/                 django.contrib.admin.options.ModelAdmin.add_view
?                         wf/admin/django_celery_beat/periodictask/<path:object_id>/history/  django.contrib.admin.options.ModelAdmin.history_view
?                         wf/admin/django_celery_beat/periodictask/<path:object_id>/delete/  django.contrib.admin.options.ModelAdmin.delete_view
?                         wf/admin/django_celery_beat/periodictask/<path:object_id>/change/  django.contrib.admin.options.ModelAdmin.change_view
DELETE,GET,HEAD,OPTIONS,PATCH,POST,PUT wf/admin/django_celery_beat/periodictask/<path:object_id>/    django.views.generic.base.View.as_view.<locals>.view
?                         wf/admin/^(?P<app_label>auth|django_celery_results|django_celery_beat)/$  django.contrib.admin.sites.AdminSite.app_index
?                         wf/admin/(?P<url>.*)$                                         django.contrib.admin.sites.AdminSite.catch_all_view
OPTIONS                   wf/api/^historical-workflows/$                                workflow.views.HistoricalWorkflowViewSet
OPTIONS                   wf/api/^historical-workflows\.(?P<format>[a-z0-9]+)/?$        workflow.views.HistoricalWorkflowViewSet
OPTIONS                   wf/api/^historical-workflows/config/$                         workflow.views.HistoricalWorkflowViewSet
OPTIONS                   wf/api/^historical-workflows/config\.(?P<format>[a-z0-9]+)/?$  workflow.views.HistoricalWorkflowViewSet
OPTIONS                   wf/api/^historical-workflows/context/$                        workflow.views.HistoricalWorkflowViewSet
OPTIONS                   wf/api/^historical-workflows/context\.(?P<format>[a-z0-9]+)/?$  workflow.views.HistoricalWorkflowViewSet
OPTIONS                   wf/api/^historical-workflows/count/$                          workflow.views.HistoricalWorkflowViewSet
OPTIONS                   wf/api/^historical-workflows/count\.(?P<format>[a-z0-9]+)/?$  workflow.views.HistoricalWorkflowViewSet
OPTIONS                   wf/api/^historical-workflows/log_list/$                       workflow.views.HistoricalWorkflowViewSet
OPTIONS                   wf/api/^historical-workflows/log_list\.(?P<format>[a-z0-9]+)/?$  workflow.views.HistoricalWorkflowViewSet
OPTIONS                   wf/api/^historical-workflows/metrics/$                        workflow.views.HistoricalWorkflowViewSet
OPTIONS                   wf/api/^historical-workflows/metrics\.(?P<format>[a-z0-9]+)/?$  workflow.views.HistoricalWorkflowViewSet
OPTIONS                   wf/api/^historical-workflows/vocab/$                          workflow.views.HistoricalWorkflowViewSet
OPTIONS                   wf/api/^historical-workflows/vocab\.(?P<format>[a-z0-9]+)/?$  workflow.views.HistoricalWorkflowViewSet
OPTIONS                   wf/api/^historical-workflows/(?P<pk>[^/.]+)/$                 workflow.views.HistoricalWorkflowViewSet
OPTIONS                   wf/api/^historical-workflows/(?P<pk>[^/.]+)\.(?P<format>[a-z0-9]+)/?$  workflow.views.HistoricalWorkflowViewSet
OPTIONS                   wf/api/^historical-steps/$                                    workflow.views.HistoricalStepViewSet
OPTIONS                   wf/api/^historical-steps\.(?P<format>[a-z0-9]+)/?$            workflow.views.HistoricalStepViewSet
OPTIONS                   wf/api/^historical-steps/context/$                            workflow.views.HistoricalStepViewSet
OPTIONS                   wf/api/^historical-steps/context\.(?P<format>[a-z0-9]+)/?$    workflow.views.HistoricalStepViewSet
OPTIONS                   wf/api/^historical-steps/vocab/$                              workflow.views.HistoricalStepViewSet
OPTIONS                   wf/api/^historical-steps/vocab\.(?P<format>[a-z0-9]+)/?$      workflow.views.HistoricalStepViewSet
OPTIONS                   wf/api/^historical-steps/(?P<pk>[^/.]+)/$                     workflow.views.HistoricalStepViewSet
OPTIONS                   wf/api/^historical-steps/(?P<pk>[^/.]+)\.(?P<format>[a-z0-9]+)/?$  workflow.views.HistoricalStepViewSet
OPTIONS                   wf/api/^historical-query/$                                    workflow.views.HistoricalWorkflowQueryViewSet
OPTIONS                   wf/api/^historical-query\.(?P<format>[a-z0-9]+)/?$            workflow.views.HistoricalWorkflowQueryViewSet
OPTIONS                   wf/api/^historical-query/context/$                            workflow.views.HistoricalWorkflowQueryViewSet
OPTIONS                   wf/api/^historical-query/context\.(?P<format>[a-z0-9]+)/?$    workflow.views.HistoricalWorkflowQueryViewSet
OPTIONS                   wf/api/^historical-query/vocab/$                              workflow.views.HistoricalWorkflowQueryViewSet
OPTIONS                   wf/api/^historical-query/vocab\.(?P<format>[a-z0-9]+)/?$      workflow.views.HistoricalWorkflowQueryViewSet
OPTIONS                   wf/api/^historical-query/workflow_logs/$                      workflow.views.HistoricalWorkflowQueryViewSet
OPTIONS                   wf/api/^historical-query/workflow_logs\.(?P<format>[a-z0-9]+)/?$  workflow.views.HistoricalWorkflowQueryViewSet
OPTIONS                   wf/api/^historical-query/(?P<pk>[^/.]+)/$                     workflow.views.HistoricalWorkflowQueryViewSet
OPTIONS                   wf/api/^historical-query/(?P<pk>[^/.]+)\.(?P<format>[a-z0-9]+)/?$  workflow.views.HistoricalWorkflowQueryViewSet
DELETE,OPTIONS            wf/api/^workflows/$                                           workflow.views.WorkflowViewSet
DELETE,OPTIONS            wf/api/^workflows\.(?P<format>[a-z0-9]+)/?$                   workflow.views.WorkflowViewSet
DELETE,OPTIONS            wf/api/^workflows/auto_vacuum/$                               workflow.views.WorkflowViewSet
DELETE,OPTIONS            wf/api/^workflows/auto_vacuum\.(?P<format>[a-z0-9]+)/?$       workflow.views.WorkflowViewSet
DELETE,OPTIONS            wf/api/^workflows/context/$                                   workflow.views.WorkflowViewSet
DELETE,OPTIONS            wf/api/^workflows/context\.(?P<format>[a-z0-9]+)/?$           workflow.views.WorkflowViewSet
DELETE,OPTIONS            wf/api/^workflows/count/$                                     workflow.views.WorkflowViewSet
DELETE,OPTIONS            wf/api/^workflows/count\.(?P<format>[a-z0-9]+)/?$             workflow.views.WorkflowViewSet
DELETE,OPTIONS            wf/api/^workflows/delete/$                                    workflow.views.WorkflowViewSet
DELETE,OPTIONS            wf/api/^workflows/delete\.(?P<format>[a-z0-9]+)/?$            workflow.views.WorkflowViewSet
DELETE,OPTIONS            wf/api/^workflows/log_list/$                                  workflow.views.WorkflowViewSet
DELETE,OPTIONS            wf/api/^workflows/log_list\.(?P<format>[a-z0-9]+)/?$          workflow.views.WorkflowViewSet
DELETE,OPTIONS            wf/api/^workflows/metrics/$                                   workflow.views.WorkflowViewSet
DELETE,OPTIONS            wf/api/^workflows/metrics\.(?P<format>[a-z0-9]+)/?$           workflow.views.WorkflowViewSet
DELETE,OPTIONS            wf/api/^workflows/statuslist/$                                workflow.views.WorkflowViewSet
DELETE,OPTIONS            wf/api/^workflows/statuslist\.(?P<format>[a-z0-9]+)/?$        workflow.views.WorkflowViewSet
DELETE,OPTIONS            wf/api/^workflows/vocab/$                                     workflow.views.WorkflowViewSet
DELETE,OPTIONS            wf/api/^workflows/vocab\.(?P<format>[a-z0-9]+)/?$             workflow.views.WorkflowViewSet
DELETE,OPTIONS            wf/api/^workflows/(?P<pk>[^/.]+)/$                            workflow.views.WorkflowViewSet
DELETE,OPTIONS            wf/api/^workflows/(?P<pk>[^/.]+)\.(?P<format>[a-z0-9]+)/?$    workflow.views.WorkflowViewSet
DELETE,OPTIONS            wf/api/^workflows/(?P<pk>[^/.]+)/approval/$                   workflow.views.WorkflowViewSet
DELETE,OPTIONS            wf/api/^workflows/(?P<pk>[^/.]+)/approval\.(?P<format>[a-z0-9]+)/?$  workflow.views.WorkflowViewSet
DELETE,OPTIONS            wf/api/^workflows/(?P<pk>[^/.]+)/proxy/$                      workflow.views.WorkflowViewSet
DELETE,OPTIONS            wf/api/^workflows/(?P<pk>[^/.]+)/proxy\.(?P<format>[a-z0-9]+)/?$  workflow.views.WorkflowViewSet
DELETE,OPTIONS            wf/api/^workflows/(?P<pk>[^/.]+)/refresh_settings/$           workflow.views.WorkflowViewSet
DELETE,OPTIONS            wf/api/^workflows/(?P<pk>[^/.]+)/refresh_settings\.(?P<format>[a-z0-9]+)/?$  workflow.views.WorkflowViewSet
DELETE,OPTIONS            wf/api/^workflows/(?P<pk>[^/.]+)/resume/$                     workflow.views.WorkflowViewSet
DELETE,OPTIONS            wf/api/^workflows/(?P<pk>[^/.]+)/resume\.(?P<format>[a-z0-9]+)/?$  workflow.views.WorkflowViewSet
DELETE,OPTIONS            wf/api/^workflows/(?P<pk>[^/.]+)/retry/$                      workflow.views.WorkflowViewSet
DELETE,OPTIONS            wf/api/^workflows/(?P<pk>[^/.]+)/retry\.(?P<format>[a-z0-9]+)/?$  workflow.views.WorkflowViewSet
DELETE,OPTIONS            wf/api/^workflows/(?P<pk>[^/.]+)/start/$                      workflow.views.WorkflowViewSet
DELETE,OPTIONS            wf/api/^workflows/(?P<pk>[^/.]+)/start\.(?P<format>[a-z0-9]+)/?$  workflow.views.WorkflowViewSet
DELETE,OPTIONS            wf/api/^workflows/(?P<pk>[^/.]+)/wfinput_resume/$             workflow.views.WorkflowViewSet
DELETE,OPTIONS            wf/api/^workflows/(?P<pk>[^/.]+)/wfinput_resume\.(?P<format>[a-z0-9]+)/?$  workflow.views.WorkflowViewSet
OPTIONS                   wf/api/^query/$                                               workflow.views.WorkflowQueryViewSet
OPTIONS                   wf/api/^query\.(?P<format>[a-z0-9]+)/?$                       workflow.views.WorkflowQueryViewSet
OPTIONS                   wf/api/^query/context/$                                       workflow.views.WorkflowQueryViewSet
OPTIONS                   wf/api/^query/context\.(?P<format>[a-z0-9]+)/?$               workflow.views.WorkflowQueryViewSet
OPTIONS                   wf/api/^query/vocab/$                                         workflow.views.WorkflowQueryViewSet
OPTIONS                   wf/api/^query/vocab\.(?P<format>[a-z0-9]+)/?$                 workflow.views.WorkflowQueryViewSet
OPTIONS                   wf/api/^query/workflow_logs/$                                 workflow.views.WorkflowQueryViewSet
OPTIONS                   wf/api/^query/workflow_logs\.(?P<format>[a-z0-9]+)/?$         workflow.views.WorkflowQueryViewSet
OPTIONS                   wf/api/^query/(?P<pk>[^/.]+)/$                                workflow.views.WorkflowQueryViewSet
OPTIONS                   wf/api/^query/(?P<pk>[^/.]+)\.(?P<format>[a-z0-9]+)/?$        workflow.views.WorkflowQueryViewSet
OPTIONS                   wf/api/^steps/$                                               workflow.views.StepViewSet
OPTIONS                   wf/api/^steps\.(?P<format>[a-z0-9]+)/?$                       workflow.views.StepViewSet
OPTIONS                   wf/api/^steps/context/$                                       workflow.views.StepViewSet
OPTIONS                   wf/api/^steps/context\.(?P<format>[a-z0-9]+)/?$               workflow.views.StepViewSet
OPTIONS                   wf/api/^steps/vocab/$                                         workflow.views.StepViewSet
OPTIONS                   wf/api/^steps/vocab\.(?P<format>[a-z0-9]+)/?$                 workflow.views.StepViewSet
OPTIONS                   wf/api/^steps/(?P<pk>[^/.]+)/$                                workflow.views.StepViewSet
OPTIONS                   wf/api/^steps/(?P<pk>[^/.]+)\.(?P<format>[a-z0-9]+)/?$        workflow.views.StepViewSet
OPTIONS                   wf/api/^scheduled/$                                           workflow.views.PeriodicWorkflowViewSet
OPTIONS                   wf/api/^scheduled\.(?P<format>[a-z0-9]+)/?$                   workflow.views.PeriodicWorkflowViewSet
OPTIONS                   wf/api/^scheduled/trigger-now/$                               workflow.views.PeriodicWorkflowViewSet
OPTIONS                   wf/api/^scheduled/trigger-now\.(?P<format>[a-z0-9]+)/?$       workflow.views.PeriodicWorkflowViewSet
OPTIONS                   wf/api/^scheduled/(?P<pk>[^/.]+)/$                            workflow.views.PeriodicWorkflowViewSet
OPTIONS                   wf/api/^scheduled/(?P<pk>[^/.]+)\.(?P<format>[a-z0-9]+)/?$    workflow.views.PeriodicWorkflowViewSet
OPTIONS                   wf/api/^crontab-schedule/$                                    workflow.views.PeriodicCrontabScheduleViewSet
OPTIONS                   wf/api/^crontab-schedule\.(?P<format>[a-z0-9]+)/?$            workflow.views.PeriodicCrontabScheduleViewSet
OPTIONS                   wf/api/^crontab-schedule/(?P<pk>[^/.]+)/$                     workflow.views.PeriodicCrontabScheduleViewSet
OPTIONS                   wf/api/^crontab-schedule/(?P<pk>[^/.]+)\.(?P<format>[a-z0-9]+)/?$  workflow.views.PeriodicCrontabScheduleViewSet
OPTIONS                   wf/api/^interval-schedule/$                                   workflow.views.PeriodicIntervalScheduleViewSet
OPTIONS                   wf/api/^interval-schedule\.(?P<format>[a-z0-9]+)/?$           workflow.views.PeriodicIntervalScheduleViewSet
OPTIONS                   wf/api/^interval-schedule/(?P<pk>[^/.]+)/$                    workflow.views.PeriodicIntervalScheduleViewSet
OPTIONS                   wf/api/^interval-schedule/(?P<pk>[^/.]+)\.(?P<format>[a-z0-9]+)/?$  workflow.views.PeriodicIntervalScheduleViewSet
OPTIONS                   wf/api/^dynamic-variable/$                                    dynamic_variable.views.DynamicVariableView
OPTIONS                   wf/api/^dynamic-variable\.(?P<format>[a-z0-9]+)/?$            dynamic_variable.views.DynamicVariableView
OPTIONS                   wf/api/^dynamic-variable/(?P<pk>[^/.]+)/$                     dynamic_variable.views.DynamicVariableView
OPTIONS                   wf/api/^dynamic-variable/(?P<pk>[^/.]+)\.(?P<format>[a-z0-9]+)/?$  dynamic_variable.views.DynamicVariableView
OPTIONS                   wf/api/^expressions/$                                         expression_builder.views.ExpressionsView
OPTIONS                   wf/api/^expressions\.(?P<format>[a-z0-9]+)/?$                 expression_builder.views.ExpressionsView
OPTIONS                   wf/api/^expressions/(?P<pk>[^/.]+)/$                          expression_builder.views.ExpressionsView
OPTIONS                   wf/api/^expressions/(?P<pk>[^/.]+)\.(?P<format>[a-z0-9]+)/?$  expression_builder.views.ExpressionsView
OPTIONS                   wf/api/^manual-wf-input/$                                     workflow.views.WorkflowInputView
OPTIONS                   wf/api/^manual-wf-input\.(?P<format>[a-z0-9]+)/?$             workflow.views.WorkflowInputView
OPTIONS                   wf/api/^manual-wf-input/list_wfinput/$                        workflow.views.WorkflowInputView
OPTIONS                   wf/api/^manual-wf-input/list_wfinput\.(?P<format>[a-z0-9]+)/?$  workflow.views.WorkflowInputView
OPTIONS                   wf/api/^manual-wf-input/(?P<pk>[^/.]+)/$                      workflow.views.WorkflowInputView
OPTIONS                   wf/api/^manual-wf-input/(?P<pk>[^/.]+)\.(?P<format>[a-z0-9]+)/?$  workflow.views.WorkflowInputView
OPTIONS                   wf/api/^manual-wf-input/(?P<pk>[^/.]+)/retrieve_wfinput/$     workflow.views.WorkflowInputView
OPTIONS                   wf/api/^manual-wf-input/(?P<pk>[^/.]+)/retrieve_wfinput\.(?P<format>[a-z0-9]+)/?$  workflow.views.WorkflowInputView
GET,OPTIONS               wf/api/                                                       rest_framework.routers.View.as_view.<locals>.view
GET,OPTIONS               wf/api/<drf_format_suffix:format>                             rest_framework.routers.View.as_view.<locals>.view
OPTIONS                   rule/api/^rules/$                                             rules_engine.views.RuleView
OPTIONS                   rule/api/^rules\.(?P<format>[a-z0-9]+)/?$                     rules_engine.views.RuleView
OPTIONS                   rule/api/^rules/(?P<pk>[^/.]+)/$                              rules_engine.views.RuleView
OPTIONS                   rule/api/^rules/(?P<pk>[^/.]+)\.(?P<format>[a-z0-9]+)/?$      rules_engine.views.RuleView
OPTIONS                   rule/api/^system-notification/$                               rules_engine.views.SystemNotificationView
OPTIONS                   rule/api/^system-notification\.(?P<format>[a-z0-9]+)/?$       rules_engine.views.SystemNotificationView
OPTIONS                   rule/api/^system-notification/notifications/$                 rules_engine.views.SystemNotificationView
OPTIONS                   rule/api/^system-notification/notifications\.(?P<format>[a-z0-9]+)/?$  rules_engine.views.SystemNotificationView
OPTIONS                   rule/api/^system-notification/purge/$                         rules_engine.views.SystemNotificationView
OPTIONS                   rule/api/^system-notification/purge\.(?P<format>[a-z0-9]+)/?$  rules_engine.views.SystemNotificationView
OPTIONS                   rule/api/^system-notification/read/$                          rules_engine.views.SystemNotificationView
OPTIONS                   rule/api/^system-notification/read\.(?P<format>[a-z0-9]+)/?$  rules_engine.views.SystemNotificationView
OPTIONS                   rule/api/^system-notification/(?P<pk>[^/.]+)/$                rules_engine.views.SystemNotificationView
OPTIONS                   rule/api/^system-notification/(?P<pk>[^/.]+)\.(?P<format>[a-z0-9]+)/?$  rules_engine.views.SystemNotificationView
OPTIONS                   rule/api/^channel/$                                           rules_engine.views.ChannelView
OPTIONS                   rule/api/^channel\.(?P<format>[a-z0-9]+)/?$                   rules_engine.views.ChannelView
OPTIONS                   rule/api/^channel/(?P<pk>[^/.]+)/$                            rules_engine.views.ChannelView
OPTIONS                   rule/api/^channel/(?P<pk>[^/.]+)\.(?P<format>[a-z0-9]+)/?$    rules_engine.views.ChannelView
OPTIONS                   rule/api/^pending-notification/$                              rules_engine.views.PendingNotificationView
OPTIONS                   rule/api/^pending-notification\.(?P<format>[a-z0-9]+)/?$      rules_engine.views.PendingNotificationView
OPTIONS                   rule/api/^pending-notification/purge/$                        rules_engine.views.PendingNotificationView
OPTIONS                   rule/api/^pending-notification/purge\.(?P<format>[a-z0-9]+)/?$  rules_engine.views.PendingNotificationView
OPTIONS                   rule/api/^pending-notification/retry/$                        rules_engine.views.PendingNotificationView
OPTIONS                   rule/api/^pending-notification/retry\.(?P<format>[a-z0-9]+)/?$  rules_engine.views.PendingNotificationView
OPTIONS                   rule/api/^pending-notification/(?P<pk>[^/.]+)/$               rules_engine.views.PendingNotificationView
OPTIONS                   rule/api/^pending-notification/(?P<pk>[^/.]+)\.(?P<format>[a-z0-9]+)/?$  rules_engine.views.PendingNotificationView
GET,OPTIONS               rule/api/                                                     rest_framework.routers.View.as_view.<locals>.view
GET,OPTIONS               rule/api/<drf_format_suffix:format>                           rest_framework.routers.View.as_view.<locals>.view
GET,OPTIONS,POST,PUT      wf/api-auth/login/                                            django.contrib.auth.views.View.as_view.<locals>.view
GET,OPTIONS,POST          wf/api-auth/logout/                                           django.contrib.auth.views.View.as_view.<locals>.view
DELETE,GET,HEAD,OPTIONS,PATCH,POST,PUT wf/workflow/                                                  django.views.generic.base.View.as_view.<locals>.view
GET,OPTIONS               wf/workflow/healthcheck/job/<task_id>/                        workflow.views.View.as_view.<locals>.view
GET,OPTIONS               wf/workflow/healthcheck/job/                                  workflow.views.View.as_view.<locals>.view
GET,OPTIONS               wf/workflow/healthcheck/                                      workflow.views.View.as_view.<locals>.view
GET,OPTIONS               wf/workflow/tasks/<func_name>/                                workflow.views.View.as_view.<locals>.view
OPTIONS                   wf/workflow/tasks/                                            workflow.views.TasksView
OPTIONS                   wf/workflow/revoke/tasks/                                     workflow.views.TasksView
OPTIONS                   wf/workflow/purge/tasks/                                      workflow.views.TasksView
GET,OPTIONS,POST          wf/workflow/start/                                            workflow.views.View.as_view.<locals>.view
GET,OPTIONS,POST          wf/workflow/smtpconfig/                                       workflow.views.View.as_view.<locals>.view
GET,OPTIONS               wf/workflow/output-detail/                                    workflow.views.View.as_view.<locals>.view
OPTIONS,POST              wf/workflow/create-start/                                     workflow.views.View.as_view.<locals>.view
GET,OPTIONS,POST          wf/workflow/config/                                           workflow.views.View.as_view.<locals>.view
DELETE,GET,HEAD,OPTIONS,PATCH,POST,PUT wf/api/                                                       django.views.generic.base.View.as_view.<locals>.view
OPTIONS,POST              wf/api/jinja-editor/                                          dynamic_variable.views.View.as_view.<locals>.view
DELETE,GET,HEAD,OPTIONS,PATCH,POST,PUT wf/api/                                                       django.views.generic.base.View.as_view.<locals>.view
OPTIONS                   wf/api/expressions/bulk                                       expression_builder.views.ExpressionsBulkView
OPTIONS                   rule/api/rules/bulk/create                                    rules_engine.views.RuleBulkView
OPTIONS                   rule/api/rules/bulk/update                                    rules_engine.views.RuleBulkView
OPTIONS                   rule/api/rules/bulk/clone                                     rules_engine.views.RuleBulkView
OPTIONS                   rule/api/rules/bulk/delete                                    rules_engine.views.RuleBulkView
